# JRE version: Java(TM) SE Runtime Environment (8.0_40-b26) (build 1.8.0_40-b26)
# Java VM: Java HotSpot(TM) 64-Bit Server VM (25.40-b25 mixed mode windows-amd64 compressed oops)
Heap:
 PSYoungGen      total 71680K, used 32415K [0x00000000ec000000, 0x00000000f1800000, 0x0000000100000000)
  eden space 59392K, 35% used [0x00000000ec000000,0x00000000ed4cc960,0x00000000efa00000)
  from space 12288K, 90% used [0x00000000f0800000,0x00000000f12db3b8,0x00000000f1400000)
  to   space 14336K, 0% used [0x00000000efa00000,0x00000000efa00000,0x00000000f0800000)
 ParOldGen       total 40960K, used 24904K [0x00000000c4000000, 0x00000000c6800000, 0x00000000ec000000)
  object space 40960K, 60% used [0x00000000c4000000,0x00000000c58523f8,0x00000000c6800000)
 Metaspace       used 15271K, capacity 15476K, committed 15616K, reserved 1062912K
  class space    used 2173K, capacity 2246K, committed 2304K, reserved 1048576K
GC Heap History (10 events):
Event: 2.931 GC heap before
{Heap before GC invocations=2 (full 0):
 PSYoungGen      total 17920K, used 17603K [0x00000000ec000000, 0x00000000ed400000, 0x0000000100000000)
  eden space 15360K, 100% used [0x00000000ec000000,0x00000000ecf00000,0x00000000ecf00000)
  from space 2560K, 87% used [0x00000000ecf00000,0x00000000ed130d00,0x00000000ed180000)
  to   space 2560K, 0% used [0x00000000ed180000,0x00000000ed180000,0x00000000ed400000)
 ParOldGen       total 40960K, used 8K [0x00000000c4000000, 0x00000000c6800000, 0x00000000ec000000)
  object space 40960K, 0% used [0x00000000c4000000,0x00000000c4002000,0x00000000c6800000)
 Metaspace       used 10591K, capacity 10812K, committed 11008K, reserved 1058816K
  class space    used 1352K, capacity 1442K, committed 1536K, reserved 1048576K
Event: 2.954 GC heap after
Heap after GC invocations=2 (full 0):
 PSYoungGen      total 17920K, used 2551K [0x00000000ec000000, 0x00000000ee300000, 0x0000000100000000)
  eden space 15360K, 0% used [0x00000000ec000000,0x00000000ec000000,0x00000000ecf00000)
  from space 2560K, 99% used [0x00000000ed180000,0x00000000ed3fdd50,0x00000000ed400000)
  to   space 2560K, 0% used [0x00000000ecf00000,0x00000000ecf00000,0x00000000ed180000)
 ParOldGen       total 40960K, used 7453K [0x00000000c4000000, 0x00000000c6800000, 0x00000000ec000000)
  object space 40960K, 18% used [0x00000000c4000000,0x00000000c47474d8,0x00000000c6800000)
 Metaspace       used 10591K, capacity 10812K, committed 11008K, reserved 1058816K
  class space    used 1352K, capacity 1442K, committed 1536K, reserved 1048576K
}
Event: 3.730 GC heap before
{Heap before GC invocations=3 (full 0):
 PSYoungGen      total 17920K, used 17911K [0x00000000ec000000, 0x00000000ee300000, 0x0000000100000000)
  eden space 15360K, 100% used [0x00000000ec000000,0x00000000ecf00000,0x00000000ecf00000)
  from space 2560K, 99% used [0x00000000ed180000,0x00000000ed3fdd50,0x00000000ed400000)
  to   space 2560K, 0% used [0x00000000ecf00000,0x00000000ecf00000,0x00000000ed180000)
 ParOldGen       total 40960K, used 7453K [0x00000000c4000000, 0x00000000c6800000, 0x00000000ec000000)
  object space 40960K, 18% used [0x00000000c4000000,0x00000000c47474d8,0x00000000c6800000)
 Metaspace       used 13176K, capacity 13378K, committed 13440K, reserved 1060864K
  class space    used 1798K, capacity 1891K, committed 1920K, reserved 1048576K
Event: 3.741 GC heap after
Heap after GC invocations=3 (full 0):
 PSYoungGen      total 17920K, used 2546K [0x00000000ec000000, 0x00000000ee300000, 0x0000000100000000)
  eden space 15360K, 0% used [0x00000000ec000000,0x00000000ec000000,0x00000000ecf00000)
  from space 2560K, 99% used [0x00000000ecf00000,0x00000000ed17c9e0,0x00000000ed180000)
  to   space 2560K, 0% used [0x00000000ee080000,0x00000000ee080000,0x00000000ee300000)
 ParOldGen       total 40960K, used 12295K [0x00000000c4000000, 0x00000000c6800000, 0x00000000ec000000)
  object space 40960K, 30% used [0x00000000c4000000,0x00000000c4c01c68,0x00000000c6800000)
 Metaspace       used 13176K, capacity 13378K, committed 13440K, reserved 1060864K
  class space    used 1798K, capacity 1891K, committed 1920K, reserved 1048576K
}
Event: 4.080 GC heap before
{Heap before GC invocations=4 (full 0):
 PSYoungGen      total 17920K, used 17906K [0x00000000ec000000, 0x00000000ee300000, 0x0000000100000000)
  eden space 15360K, 100% used [0x00000000ec000000,0x00000000ecf00000,0x00000000ecf00000)
  from space 2560K, 99% used [0x00000000ecf00000,0x00000000ed17c9e0,0x00000000ed180000)
  to   space 2560K, 0% used [0x00000000ee080000,0x00000000ee080000,0x00000000ee300000)
 ParOldGen       total 40960K, used 12295K [0x00000000c4000000, 0x00000000c6800000, 0x00000000ec000000)
  object space 40960K, 30% used [0x00000000c4000000,0x00000000c4c01c68,0x00000000c6800000)
 Metaspace       used 13182K, capacity 13378K, committed 13440K, reserved 1060864K
  class space    used 1798K, capacity 1891K, committed 1920K, reserved 1048576K
Event: 4.092 GC heap after
Heap after GC invocations=4 (full 0):
 PSYoungGen      total 33280K, used 2198K [0x00000000ec000000, 0x00000000ee300000, 0x0000000100000000)
  eden space 30720K, 0% used [0x00000000ec000000,0x00000000ec000000,0x00000000ede00000)
  from space 2560K, 85% used [0x00000000ee080000,0x00000000ee2a5bd8,0x00000000ee300000)
  to   space 2560K, 0% used [0x00000000ede00000,0x00000000ede00000,0x00000000ee080000)
 ParOldGen       total 40960K, used 19263K [0x00000000c4000000, 0x00000000c6800000, 0x00000000ec000000)
  object space 40960K, 47% used [0x00000000c4000000,0x00000000c52cfd18,0x00000000c6800000)
 Metaspace       used 13182K, capacity 13378K, committed 13440K, reserved 1060864K
  class space    used 1798K, capacity 1891K, committed 1920K, reserved 1048576K
}
Event: 4.979 GC heap before
{Heap before GC invocations=5 (full 0):
 PSYoungGen      total 33280K, used 32751K [0x00000000ec000000, 0x00000000ee300000, 0x0000000100000000)
  eden space 30720K, 99% used [0x00000000ec000000,0x00000000eddd6258,0x00000000ede00000)
  from space 2560K, 85% used [0x00000000ee080000,0x00000000ee2a5bd8,0x00000000ee300000)
  to   space 2560K, 0% used [0x00000000ede00000,0x00000000ede00000,0x00000000ee080000)
 ParOldGen       total 40960K, used 19263K [0x00000000c4000000, 0x00000000c6800000, 0x00000000ec000000)
  object space 40960K, 47% used [0x00000000c4000000,0x00000000c52cfd18,0x00000000c6800000)
 Metaspace       used 13329K, capacity 13506K, committed 13696K, reserved 1060864K
  class space    used 1820K, capacity 1891K, committed 1920K, reserved 1048576K
Event: 4.995 GC heap after
Heap after GC invocations=5 (full 0):
 PSYoungGen      total 33280K, used 2544K [0x00000000ec000000, 0x00000000f1400000, 0x0000000100000000)
  eden space 30720K, 0% used [0x00000000ec000000,0x00000000ec000000,0x00000000ede00000)
  from space 2560K, 99% used [0x00000000ede00000,0x00000000ee07c388,0x00000000ee080000)
  to   space 12288K, 0% used [0x00000000f0800000,0x00000000f0800000,0x00000000f1400000)
 ParOldGen       total 40960K, used 24904K [0x00000000c4000000, 0x00000000c6800000, 0x00000000ec000000)
  object space 40960K, 60% used [0x00000000c4000000,0x00000000c58523f8,0x00000000c6800000)
 Metaspace       used 13329K, capacity 13506K, committed 13696K, reserved 1060864K
  class space    used 1820K, capacity 1891K, committed 1920K, reserved 1048576K
}
Event: 6.386 GC heap before
{Heap before GC invocations=6 (full 0):
 PSYoungGen      total 33280K, used 33264K [0x00000000ec000000, 0x00000000f1400000, 0x0000000100000000)
  eden space 30720K, 100% used [0x00000000ec000000,0x00000000ede00000,0x00000000ede00000)
  from space 2560K, 99% used [0x00000000ede00000,0x00000000ee07c388,0x00000000ee080000)
  to   space 12288K, 0% used [0x00000000f0800000,0x00000000f0800000,0x00000000f1400000)
 ParOldGen       total 40960K, used 24904K [0x00000000c4000000, 0x00000000c6800000, 0x00000000ec000000)
  object space 40960K, 60% used [0x00000000c4000000,0x00000000c58523f8,0x00000000c6800000)
 Metaspace       used 13654K, capacity 13858K, committed 14080K, reserved 1060864K
  class space    used 1864K, capacity 1923K, committed 2048K, reserved 1048576K
Event: 6.403 GC heap after
Heap after GC invocations=6 (full 0):
 PSYoungGen      total 71680K, used 11116K [0x00000000ec000000, 0x00000000f1800000, 0x0000000100000000)
  eden space 59392K, 0% used [0x00000000ec000000,0x00000000ec000000,0x00000000efa00000)
  from space 12288K, 90% used [0x00000000f0800000,0x00000000f12db3b8,0x00000000f1400000)
  to   space 14336K, 0% used [0x00000000efa00000,0x00000000efa00000,0x00000000f0800000)
 ParOldGen       total 40960K, used 24904K [0x00000000c4000000, 0x00000000c6800000, 0x00000000ec000000)
  object space 40960K, 60% used [0x00000000c4000000,0x00000000c58523f8,0x00000000c6800000)
 Metaspace       used 13654K, capacity 13858K, committed 14080K, reserved 1060864K
  class space    used 1864K, capacity 1923K, committed 2048K, reserved 1048576K
}

